<?xml version="1.0" encoding="UTF-8"?>
<!-- Generated by org.testng.reporters.JUnitReportReporter -->
<testsuite hostname="LAPTOP-RNF7R3U9" failures="2" tests="2" name="com.qa.runners.MyTestNGRunnerTest" time="25.927" errors="0" timestamp="2021-06-21T16:47:14 EDT" skipped="0">
  <testcase classname="com.qa.runners.MyTestNGRunnerTest" name="scenario" time="9.164">
    <failure message="expected:&lt;[]Username and passwor...&gt; but was:&lt;[gg]Username and passwor...&gt;" type="org.junit.ComparisonFailure">
      <![CDATA[org.junit.ComparisonFailure: expected:<[]Username and passwor...> but was:<[gg]Username and passwor...>
at org.junit.Assert.assertEquals(Assert.java:115)
at org.junit.Assert.assertEquals(Assert.java:144)
at com.qa.stepdef.LogInStepDef.theMessageShouldBeDisplayed(LogInStepDef.java:34)
at ✽.the "ggUsername and password do not match any user in this service." message should be displayed(file:///C:/Users/Qadir/eclipse-workspace/Selenium%20Udemy/CucumberFramework-%20TestNG/src/test/resources/Login.feature:7)
]]>
    </failure>
  </testcase> <!-- scenario -->
  <system-out/>
  <testcase classname="com.qa.runners.MyTestNGRunnerTest" name="scenario" time="16.763">
    <failure message="expected:&lt;[]Username and passwor...&gt; but was:&lt;[gg]Username and passwor...&gt;" type="org.junit.ComparisonFailure">
      <![CDATA[org.junit.ComparisonFailure: expected:<[]Username and passwor...> but was:<[gg]Username and passwor...>
at org.junit.Assert.assertEquals(Assert.java:115)
at org.junit.Assert.assertEquals(Assert.java:144)
at com.qa.stepdef.LogInStepDef.theMessageShouldBeDisplayed(LogInStepDef.java:34)
at ✽.the "ggUsername and password do not match any user in this service." message should be displayed(file:///C:/Users/Qadir/eclipse-workspace/Selenium%20Udemy/CucumberFramework-%20TestNG/src/test/resources/Login.feature:7)
]]>
    </failure>
  </testcase> <!-- scenario -->
  <system-out/>
</testsuite> <!-- com.qa.runners.MyTestNGRunnerTest -->
